<?xml version="1.0" encoding="UTF-8"?>
<testsuite xmlns:xsi="http://www.w3.org/2001/XMLSchema-instance" xsi:noNamespaceSchemaLocation="https://maven.apache.org/surefire/maven-surefire-plugin/xsd/surefire-test-report-3.0.xsd" version="3.0" name="uta.cse3310.HttpServerTest" time="1.045" tests="1" errors="0" skipped="0" failures="0">
  <properties>
[...]
</properties>
  <testcase name="testStart" classname="uta.cse3310.HttpServerTest" time="1.029">
    <system-out><![CDATA[Server started on port 8080
Server started successfully.
]]></system-out>
  </testcase>
</testsuite>