<?xml version="1.0" encoding="UTF-8"?>
<testsuite xmlns:xsi="http://www.w3.org/2001/XMLSchema-instance" xsi:noNamespaceSchemaLocation="https://maven.apache.org/surefire/maven-surefire-plugin/xsd/surefire-test-report-3.0.xsd" version="3.0" name="uta.cse3310.GameTest" time="0.007" tests="1" errors="0" skipped="0" failures="0">
  <properties>
[...]
</properties>
  <testcase name="testCase" classname="uta.cse3310.GameTest" time="0.003">
    <system-out><![CDATA[Words loaded successfully
Creating game with lobby name: TestLobby and room id: TestRoom
Grid for [game: TestLobby room: TestRoom
_ _ D e v e l _ _ S a l e e n _ _ _ _ _ 
F e n y r _ _ _ C B u g a t t i _ _ _ _ 
L e v a n t e _ z K _ H e n n e s s e y 
_ _ _ _ _ _ M _ i o _ _ _ _ _ _ _ _ L _ 
N o b l e _ a B n e A s p a r k _ _ a _ 
_ _ _ P _ _ s e g n M c L a r e n _ m _ 
_ _ _ a _ _ e n e i _ _ _ _ _ _ _ _ b _ 
_ _ _ g _ _ r t r g A r r i n e r a o _ 
_ _ _ a _ _ a l _ s _ _ _ F _ _ _ _ r _ 
_ I _ n A _ t e _ e _ _ _ e _ _ _ _ g _ 
_ t _ i s _ i y _ g _ _ _ r _ _ _ _ h _ 
B a _ _ t _ _ _ _ g _ _ _ r _ _ _ _ i _ 
r l _ _ o _ _ _ _ _ _ _ _ a _ _ _ _ n _ 
a d A _ n _ _ _ _ _ _ _ _ r _ _ _ _ i _ 
b e p _ M G u m p e r t _ i _ _ _ _ _ _ 
h s o _ a _ _ _ M a y b a c h _ _ _ _ _ 
a i l _ r _ _ _ _ _ R i m a c Z e n v o 
m g l _ t _ _ _ _ _ _ _ _ _ _ _ _ _ _ _ 
_ n o _ i W M o t o r s S p y k e r _ _ 
_ _ _ _ n _ _ _ _ P o r s c h e _ _ _ _ 
----------PLACED WORDS-------------
Hennessey Fenyr Levante Brabham AstonMartin Aspark Ferrari Maserati Porsche Arrinera Zenvo WMotors Gumpert Italdesign Noble Apollo Bugatti Pagani Rimac Bentley Lamborghini Devel Czinger Maybach Spyker Saleen McLaren Koenigsegg 

Total words: 28
------------------------------------


josh found the word: Pagani
josh has found: [Pagani]
Word not found or already marked as found: Pagani
adam found the word: Maserati
adam has found: [Maserati]
adam found the word: Aspark
adam has found: [Maserati, Aspark]
Resetting game in lobby: TestLobby
Game reset in lobby: TestLobby
]]></system-out>
  </testcase>
</testsuite>