<?xml version="1.0" encoding="UTF-8"?>
<testsuite xmlns:xsi="http://www.w3.org/2001/XMLSchema-instance" xsi:noNamespaceSchemaLocation="https://maven.apache.org/surefire/maven-surefire-plugin/xsd/surefire-test-report-3.0.xsd" version="3.0" name="uta.cse3310.AppTest" time="0.117" tests="1" errors="0" skipped="0" failures="1">
  <properties>
[...]
</properties>
  <testcase name="testApp" classname="uta.cse3310.AppTest" time="0.082">
    <failure message="expected:&lt;[full]&gt; but was:&lt;[2]&gt;" type="junit.framework.ComparisonFailure"><![CDATA[junit.framework.ComparisonFailure: expected:<[full]> but was:<[2]>
	at uta.cse3310.AppTest.testApp(AppTest.java:43)
]]></failure>
    <system-out><![CDATA[Words loaded successfully
Creating game with lobby name: TestLobby and room id: TestRoom
Grid for [game: TestLobby room: TestRoom
M a s e r a t i _ _ _ _ _ _ _ _ _ _ _ _ 
L _ A _ _ _ _ _ _ _ _ _ _ _ _ M S I G _ 
a _ p _ _ _ _ _ _ _ _ _ _ _ _ c a t u _ 
m _ o _ B e n t l e y _ _ _ _ L l a m _ 
b _ l _ _ _ _ _ _ P a g a n i a e l p _ 
o _ l M H e n n e s s e y _ _ r e d e S 
r _ o a _ W _ _ _ _ _ _ _ _ _ e n e r p 
g _ _ y _ M C _ _ _ _ _ _ _ _ n _ s t y 
h _ R b _ o z _ _ _ _ _ _ _ _ _ _ i _ k 
i Z i a _ t i _ _ _ _ _ _ _ _ _ _ g _ e 
n e m c K o n _ _ _ B r a b h a m n _ r 
i n a h o r g _ P o r s c h e D e v e l 
_ v c _ e s e _ _ _ N o b l e _ _ _ _ _ 
F o A _ n _ r _ _ _ _ F e r r a r i _ _ 
e _ s _ i _ B u g a t t i _ _ _ _ _ _ _ 
n _ p _ g _ _ _ _ _ _ _ _ _ _ _ _ _ _ _ 
y _ a _ s _ _ _ _ A s t o n M a r t i n 
r _ r _ e _ _ _ A r r i n e r a _ _ _ _ 
_ _ k _ g L e v a n t e _ _ _ _ _ _ _ _ 
_ _ _ _ g _ _ _ _ _ _ _ _ _ _ _ _ _ _ _ 
----------PLACED WORDS-------------
Hennessey Fenyr Levante Brabham AstonMartin Aspark Ferrari Maserati Porsche Arrinera Zenvo WMotors Gumpert Italdesign Noble Apollo Bugatti Pagani Rimac Bentley Lamborghini Devel Czinger Maybach Spyker Saleen McLaren Koenigsegg 

Total words: 28
------------------------------------


Words loaded successfully
Creating game with lobby name: Room1 and room id: gameroom1
Grid for [game: Room1 room: gameroom1
_ W M o t o r s _ _ _ _ _ _ _ _ _ _ _ _ 
_ _ _ _ N o b l e _ _ _ _ _ _ _ _ _ H _ 
K _ M _ _ _ _ _ _ _ _ _ _ _ _ A _ _ e _ 
o _ a _ _ _ _ _ _ _ _ _ _ _ _ p _ _ n _ 
e C y _ _ _ _ _ _ _ _ _ _ _ _ o _ M n _ 
n z b B r a b h a m _ _ _ _ _ l _ a e _ 
i i a L a m b o r g h i n i M l _ s s _ 
g n c _ _ _ _ _ _ _ _ _ A _ c o _ e s _ 
s g h _ _ _ _ _ _ _ _ P s _ L L _ r e _ 
e e _ _ _ _ _ _ _ _ _ o t _ a e _ a y _ 
g r B e n t l e y _ _ r o _ r v _ t _ _ 
g _ _ _ _ _ _ _ _ _ _ s n A e a _ i _ _ 
_ _ _ _ A s p a r k S c M r n n _ _ _ _ 
_ _ _ _ _ _ _ _ _ _ p h a r _ t G Z _ F 
B u g a t t i _ _ _ y e r i _ e u e _ e 
_ D _ _ _ _ _ _ _ _ k _ t n _ F m n _ r 
_ e _ S a l e e n _ e _ i e _ e p v _ r 
_ v _ _ R i m a c _ r _ n r _ n e o _ a 
_ e _ I t a l d e s i g n a _ y r _ _ r 
_ l P a g a n i _ _ _ _ _ _ _ r t _ _ i 
----------PLACED WORDS-------------
Hennessey Fenyr Levante Brabham AstonMartin Aspark Ferrari Maserati Porsche Arrinera Zenvo WMotors Gumpert Italdesign Noble Apollo Bugatti Pagani Rimac Bentley Lamborghini Devel Czinger Maybach Spyker Saleen McLaren Koenigsegg 

Total words: 28
------------------------------------


Words loaded successfully
Creating game with lobby name: Room2 and room id: gameroom2
Grid for [game: Room2 room: gameroom2
M _ _ _ B _ F e n y r _ _ _ _ _ _ _ _ _ 
c _ _ _ e _ D e v e l _ _ _ _ _ _ _ _ _ 
L _ _ _ n _ P a g a n i _ _ S p y k e r 
a _ Z _ t H e n n e s s e y _ _ _ _ _ _ 
r _ e _ l _ _ _ _ _ _ C z i n g e r _ _ 
e _ n _ e _ K o e n i g s e g g _ _ _ _ 
n _ v _ y _ _ A p o l l o _ _ _ _ _ _ _ 
_ _ o _ _ _ M a s e r a t i _ _ _ A N _ 
M a y b a c h L _ _ _ L _ _ _ _ _ s o _ 
_ _ _ _ _ _ _ a _ W I e A _ _ _ _ p b _ 
_ F _ _ _ _ _ m _ M t v s _ _ _ _ a l _ 
_ e P _ _ _ _ b _ o a a t _ B _ _ r e A 
_ r o _ _ _ _ o _ t l n o _ u _ _ k _ r 
_ r r _ _ _ _ r _ o d t n _ g R _ _ _ r 
_ a s _ _ _ _ g _ r e e M _ a i _ _ S i 
_ r c _ _ _ _ h _ s s _ a _ t m _ _ a n 
_ i h _ _ _ _ i _ _ i _ r _ t a _ _ l e 
_ _ e _ _ _ _ n _ _ g _ t _ i c _ _ e r 
B r a b h a m i _ _ n _ i _ _ _ _ _ e a 
_ _ _ _ G u m p e r t _ n _ _ _ _ _ n _ 
----------PLACED WORDS-------------
Hennessey Fenyr Levante Brabham AstonMartin Aspark Ferrari Maserati Porsche Arrinera Zenvo WMotors Gumpert Italdesign Noble Apollo Bugatti Pagani Rimac Bentley Lamborghini Devel Czinger Maybach Spyker Saleen McLaren Koenigsegg 

Total words: 28
------------------------------------


Words loaded successfully
Creating game with lobby name: Room3 and room id: gameroom3
Grid for [game: Room3 room: gameroom3
_ _ B e n t l e y _ _ _ _ _ _ _ _ _ _ _ 
_ _ _ _ _ _ _ K o e n i g s e g g _ _ _ 
_ _ _ _ _ _ _ _ B u g a t t i _ _ _ _ _ 
_ _ _ _ _ _ _ _ _ L e v a n t e _ _ _ A 
_ _ _ _ _ _ _ _ _ H e n n e s s e y _ r 
_ _ _ _ _ _ _ P a g a n i _ A G M _ _ r 
_ _ _ _ R i m a c _ _ _ _ _ s u a _ _ i 
_ _ A s t o n M a r t i n _ p m y _ _ n 
_ _ _ _ _ _ _ _ _ I _ _ _ _ a p b P _ e 
_ _ _ _ D _ _ M L t _ _ _ _ r e a o _ r 
_ _ M _ e _ _ c a a _ _ _ _ k r c r Z a 
F _ a _ v _ _ L m l _ _ N C _ t h s e _ 
e _ s _ e _ _ a b d _ _ o z _ _ _ c n _ 
r W e _ l _ _ r o e _ B b i _ _ _ h v _ 
r M r S _ _ _ e r s A r l n S _ _ e o _ 
a o a a _ _ F n g i p a e g p _ _ _ _ _ 
r t t l _ _ e _ h g o b _ e y _ _ _ _ _ 
i o i e _ _ n _ i n l h _ r k _ _ _ _ _ 
_ r _ e _ _ y _ n _ l a _ _ e _ _ _ _ _ 
_ s _ n _ _ r _ i _ o m _ _ r _ _ _ _ _ 
----------PLACED WORDS-------------
Hennessey Fenyr Levante Brabham AstonMartin Aspark Ferrari Maserati Porsche Arrinera Zenvo WMotors Gumpert Italdesign Noble Apollo Bugatti Pagani Rimac Bentley Lamborghini Devel Czinger Maybach Spyker Saleen McLaren Koenigsegg 

Total words: 28
------------------------------------


Words loaded successfully
Creating game with lobby name: Room4 and room id: gameroom4
Grid for [game: Room4 room: gameroom4
A _ _ _ _ C z i n g e r _ _ _ _ _ _ _ _ 
s _ _ B r a b h a m _ _ M _ _ K _ _ _ _ 
t G u m p e r t _ _ _ _ c _ _ o _ A _ _ 
o _ _ _ _ _ _ _ _ _ _ _ L _ _ e _ r B _ 
n P o r s c h e _ _ _ _ a _ _ n _ r u _ 
M _ _ R _ _ _ P _ _ _ _ r _ _ i _ i g _ 
a I _ i _ _ _ a _ _ _ _ e _ _ g _ n a _ 
r t _ m _ _ _ g _ _ _ _ n F _ s _ e t _ 
t a _ a _ _ _ a _ _ _ _ _ e _ e _ r t _ 
i l F c _ _ _ n _ _ _ _ _ n _ g Z a i _ 
n d e _ _ _ _ i _ _ _ _ _ y _ g e _ _ _ 
_ e r _ _ _ _ _ _ _ _ _ _ r _ _ n _ M _ 
_ s r _ L a m b o r g h i n i _ v _ a _ 
_ i a _ A s p a r k D e v e l _ o _ s _ 
_ g r _ _ _ _ _ _ _ _ B e n t l e y e N 
_ n i _ _ A p o l l o _ _ _ _ _ _ _ r o 
_ _ _ _ _ _ _ _ _ _ _ _ _ _ _ _ _ _ a b 
L e v a n t e _ _ S a l e e n _ _ _ t l 
W M o t o r s _ _ _ _ M a y b a c h i e 
S p y k e r _ _ _ H e n n e s s e y _ _ 
----------PLACED WORDS-------------
Hennessey Fenyr Levante Brabham AstonMartin Aspark Ferrari Maserati Porsche Arrinera Zenvo WMotors Gumpert Italdesign Noble Apollo Bugatti Pagani Rimac Bentley Lamborghini Devel Czinger Maybach Spyker Saleen McLaren Koenigsegg 

Total words: 28
------------------------------------


Words loaded successfully
Creating game with lobby name: Room5 and room id: gameroom5
Grid for [game: Room5 room: gameroom5
_ S p y k e r _ _ _ F e r r a r i _ _ _ 
_ _ P _ _ P a g a n i _ _ _ _ _ _ _ _ _ 
G _ o _ _ _ _ _ Z e n v o _ _ _ _ _ _ _ 
u _ r _ _ _ _ A r r i n e r a _ _ _ _ _ 
m _ s _ _ _ _ _ _ _ _ M a s e r a t i _ 
p B c A H e n n e s s e y _ _ _ _ D _ A 
e u h s _ _ _ _ L e v a n t e _ _ e _ p 
r g e t _ _ B _ _ _ M a y b a c h v _ o 
t a _ o _ _ e I t a l d e s i g n e _ l 
_ t _ n _ _ n _ C _ _ _ _ _ _ _ _ l _ l 
_ t _ M _ _ t _ z K o e n i g s e g g o 
R i M a _ _ l B i _ _ _ N _ _ _ _ _ _ _ 
i _ c r _ _ e r n _ _ _ o _ _ _ _ _ _ _ 
m _ L t _ _ y a g _ _ _ b _ _ _ _ _ _ _ 
a _ a i _ _ _ b e _ _ _ l A s p a r k _ 
c _ r n _ _ _ h r _ _ _ e F e n y r _ _ 
_ _ e _ _ _ _ a _ _ _ _ W M o t o r s _ 
_ _ n _ _ _ _ m _ _ _ _ _ _ _ _ _ _ _ _ 
_ _ _ _ _ _ _ L a m b o r g h i n i _ _ 
_ _ _ _ _ _ _ S a l e e n _ _ _ _ _ _ _ 
----------PLACED WORDS-------------
Hennessey Fenyr Levante Brabham AstonMartin Aspark Ferrari Maserati Porsche Arrinera Zenvo WMotors Gumpert Italdesign Noble Apollo Bugatti Pagani Rimac Bentley Lamborghini Devel Czinger Maybach Spyker Saleen McLaren Koenigsegg 

Total words: 28
------------------------------------


Game rooms initialized.
]]></system-out>
    <system-err><![CDATA[SLF4J: No SLF4J providers were found.
SLF4J: Defaulting to no-operation (NOP) logger implementation
SLF4J: See https://www.slf4j.org/codes.html#noProviders for further details.
]]></system-err>
  </testcase>
</testsuite>