<?xml version="1.0" encoding="UTF-8"?>
<testsuite xmlns:xsi="http://www.w3.org/2001/XMLSchema-instance" xsi:noNamespaceSchemaLocation="https://maven.apache.org/surefire/maven-surefire-plugin/xsd/surefire-test-report-3.0.xsd" version="3.0" name="uta.cse3310.GameTest" time="0.028" tests="1" errors="0" skipped="0" failures="0">
  <properties>
[...]
</properties>
  <testcase name="testCase" classname="uta.cse3310.GameTest" time="0.027">
    <system-out><![CDATA[Words loaded successfully
Creating game with lobby name: TestLobby and room id: TestRoom
Grid for [game: TestLobby room: TestRoom
_ _ _ _ _ _ _ _ I t a l d e s i g n _ _ 
_ D B r a b h a m _ _ _ _ _ _ _ _ _ _ _ 
_ e _ N o b l e _ _ _ _ C z i n g e r M 
A v _ _ _ _ _ _ _ _ _ P a g a n i _ _ a 
s e L P _ _ _ _ _ _ _ _ _ _ _ A _ _ _ s 
p l e o F e r r a r i _ _ _ _ p _ K _ e 
a _ v r _ _ _ B u g a t t i _ o Z o _ r 
r _ a s H e n n e s s e y _ _ l e e A a 
k _ n c _ _ _ _ _ _ _ _ _ _ _ l n n s t 
L _ t h _ _ _ _ _ _ _ _ _ _ B o v i t i 
a _ e e _ _ F _ _ _ _ _ _ _ e _ o g o S 
m _ _ _ _ _ e _ _ _ _ _ _ _ n _ _ s n p 
b _ S _ _ _ n _ _ _ _ _ _ _ t _ _ e M y 
o _ a _ _ _ y M c L a r e n l _ _ g a k 
r _ l _ _ _ r _ _ _ _ _ _ _ e _ _ g r e 
g _ e _ G u m p e r t _ _ _ y _ _ _ t r 
h _ e _ M a y b a c h W M o t o r s i _ 
i _ n _ _ _ _ _ _ _ _ _ _ _ _ _ _ _ n _ 
n _ _ _ _ _ _ _ _ _ _ _ _ _ _ _ _ _ _ _ 
i R i m a c _ _ _ _ A r r i n e r a _ _ 
----------PLACED WORDS-------------
Hennessey Fenyr Levante Brabham AstonMartin Aspark Ferrari Maserati Porsche Arrinera Zenvo WMotors Gumpert Italdesign Noble Apollo Bugatti Pagani Rimac Bentley Lamborghini Devel Czinger Maybach Spyker Saleen McLaren Koenigsegg 

Total words: 28
------------------------------------


josh found the word: Pagani
josh has found: [Pagani]
Word not found or already marked as found: Pagani
adam found the word: Maserati
adam has found: [Maserati]
adam found the word: Aspark
adam has found: [Maserati, Aspark]
Resetting game in lobby: TestLobby
Game reset in lobby: TestLobby
]]></system-out>
  </testcase>
</testsuite>